\BOOKMARK [0][-]{chapter.1}{\376\377\000P\000a\000r\000t\000e\000\040\000F\000u\000n\000c\000i\000o\000n\000a\000l}{}% 1
\BOOKMARK [1][-]{section.1.1}{\376\377\000C\000o\000m\000u\000n\000n\000i\000c\000a\000c\000i\000\363\000n\000\040\000I\000n\000t\000e\000r\000n\000a}{chapter.1}% 2
\BOOKMARK [1][-]{section.1.2}{\376\377\000A\000c\000c\000i\000o\000n\000e\000s\000\040\000P\000a\000n\000i\000f\000i\000c\000a\000d\000a\000s}{chapter.1}% 3
\BOOKMARK [1][-]{section.1.3}{\376\377\000E\000x\000p\000o\000r\000t\000a\000c\000i\000\363\000n\000\040\000d\000e\000\040\000D\000a\000t\000o\000s}{chapter.1}% 4
\BOOKMARK [1][-]{section.1.4}{\376\377\000V\000i\000s\000t\000a\000\040\000L\000i\000s\000t\000a\000d\000o}{chapter.1}% 5
\BOOKMARK [1][-]{section.1.5}{\376\377\000V\000i\000s\000t\000a\000\040\000P\000i\000v\000o\000t}{chapter.1}% 6
\BOOKMARK [1][-]{section.1.6}{\376\377\000C\000l\000i\000e\000n\000t\000e\000s}{chapter.1}% 7
\BOOKMARK [1][-]{section.1.7}{\376\377\000P\000r\000o\000d\000u\000c\000t\000o\000s}{chapter.1}% 8
\BOOKMARK [1][-]{section.1.8}{\376\377\000I\000n\000i\000c\000i\000a\000t\000i\000v\000a\000s}{chapter.1}% 9
\BOOKMARK [1][-]{section.1.9}{\376\377\000P\000r\000o\000d\000u\000c\000t\000o\000s}{chapter.1}% 10
\BOOKMARK [1][-]{section.1.10}{\376\377\000T\000a\000r\000i\000f\000a\000\040\000d\000e\000\040\000V\000e\000n\000t\000a\000s}{chapter.1}% 11
\BOOKMARK [1][-]{section.1.11}{\376\377\000C\000o\000m\000i\000s\000i\000o\000n\000e\000s}{chapter.1}% 12
\BOOKMARK [1][-]{section.1.12}{\376\377\000A\000l\000m\000a\000c\000e\000n\000e\000s\000\040\000y\000\040\000U\000b\000i\000c\000a\000c\000i\000o\000n\000e\000s}{chapter.1}% 13
\BOOKMARK [1][-]{section.1.13}{\376\377\000E\000n\000t\000r\000a\000d\000a\000\040\000d\000e\000\040\000M\000e\000r\000c\000a\000n\000c\000\355\000a}{chapter.1}% 14
\BOOKMARK [1][-]{section.1.14}{\376\377\000S\000a\000l\000i\000d\000a\000\040\000d\000e\000\040\000M\000e\000r\000c\000a\000n\000c\000\355\000a}{chapter.1}% 15
\BOOKMARK [1][-]{section.1.15}{\376\377\000M\000o\000v\000i\000m\000i\000e\000n\000t\000o\000s\000\040\000I\000n\000t\000e\000r\000n\000o\000s}{chapter.1}% 16
\BOOKMARK [1][-]{section.1.16}{\376\377\000I\000n\000v\000e\000n\000t\000a\000r\000i\000o}{chapter.1}% 17
\BOOKMARK [1][-]{section.1.17}{\376\377\000L\000i\000s\000t\000a\000\040\000d\000e\000\040\000M\000a\000t\000e\000r\000i\000a\000l\000e\000s}{chapter.1}% 18
\BOOKMARK [1][-]{section.1.18}{\376\377\000O\000r\000d\000e\000n\000e\000s\000\040\000d\000e\000\040\000F\000a\000b\000r\000i\000c\000a\000c\000i\000\363\000n}{chapter.1}% 19
\BOOKMARK [1][-]{section.1.19}{\376\377\000E\000v\000e\000n\000t\000o\000s}{chapter.1}% 20
\BOOKMARK [1][-]{section.1.20}{\376\377\000T\000a\000r\000e\000a\000s}{chapter.1}% 21
\BOOKMARK [1][-]{section.1.21}{\376\377\000I\000m\000p\000o\000r\000t\000a\000c\000i\000\363\000n\000\040\000d\000e\000\040\000P\000r\000o\000d\000u\000c\000t\000o\000s\000\040\000p\000o\000r\000\040\000P\000r\000o\000v\000e\000e\000d\000o\000r}{chapter.1}% 22
\BOOKMARK [1][-]{section.1.22}{\376\377\000R\000e\000g\000l\000a\000s\000\040\000d\000e\000\040\000R\000e\000a\000b\000a\000s\000t\000e\000c\000i\000m\000i\000e\000n\000t\000o}{chapter.1}% 23
\BOOKMARK [1][-]{section.1.23}{\376\377\000P\000e\000d\000i\000d\000o\000\040\000d\000e\000\040\000C\000o\000m\000p\000r\000a}{chapter.1}% 24
\BOOKMARK [1][-]{section.1.24}{\376\377\000F\000a\000c\000t\000u\000r\000a\000s\000\040\000d\000e\000\040\000C\000l\000i\000e\000n\000t\000e\000s}{chapter.1}% 25
\BOOKMARK [1][-]{section.1.25}{\376\377\000C\000o\000b\000r\000o\000s}{chapter.1}% 26
\BOOKMARK [1][-]{section.1.26}{\376\377\000F\000a\000c\000t\000u\000r\000a\000s\000\040\000d\000e\000\040\000P\000r\000o\000v\000e\000e\000d\000o\000r\000e\000s}{chapter.1}% 27
\BOOKMARK [1][-]{section.1.27}{\376\377\000P\000a\000g\000o\000s}{chapter.1}% 28
\BOOKMARK [1][-]{section.1.28}{\376\377\000P\000l\000a\000n\000\040\000G\000e\000n\000e\000r\000a\000l\000\040\000C\000o\000n\000t\000a\000b\000l\000e}{chapter.1}% 29
\BOOKMARK [1][-]{section.1.29}{\376\377\000D\000i\000a\000r\000i\000o\000s}{chapter.1}% 30
\BOOKMARK [1][-]{section.1.30}{\376\377\000E\000x\000t\000r\000a\000c\000t\000o\000s\000\040\000B\000a\000n\000c\000a\000r\000i\000o\000s}{chapter.1}% 31
\BOOKMARK [0][-]{chapter.2}{\376\377\000P\000a\000r\000t\000e\000\040\000T\000\351\000c\000n\000i\000c\000a}{}% 32
\BOOKMARK [1][-]{section.2.1}{\376\377\000P\000y\000t\000h\000o\000n}{chapter.2}% 33
\BOOKMARK [1][-]{section.2.2}{\376\377\000X\000M\000L}{chapter.2}% 34
\BOOKMARK [1][-]{section.2.3}{\376\377\000G\000i\000t\000H\000u\000b}{chapter.2}% 35
\BOOKMARK [1][-]{section.2.4}{\376\377\000L\000i\000n\000u\000x}{chapter.2}% 36
\BOOKMARK [1][-]{section.2.5}{\376\377\000I\000n\000t\000a\000l\000a\000c\000i\000\363\000n\000\040\000d\000e\000s\000d\000e\000\040\000G\000i\000t\000h\000u\000b}{chapter.2}% 37
\BOOKMARK [1][-]{section.2.6}{\376\377\000A\000r\000c\000h\000i\000v\000o\000\040\000d\000e\000\040\000C\000o\000n\000f\000i\000g\000u\000r\000a\000c\000i\000\363\000n}{chapter.2}% 38
\BOOKMARK [1][-]{section.2.7}{\376\377\000C\000o\000m\000a\000n\000d\000o\000s\000\040\000B\000\341\000s\000i\000c\000o\000s}{chapter.2}% 39
\BOOKMARK [1][-]{section.2.8}{\376\377\000A\000c\000t\000u\000a\000l\000i\000z\000a\000c\000i\000\363\000n\000\040\000y\000\040\000c\000o\000n\000t\000r\000o\000l\000\040\000d\000e\000\040\000V\000e\000r\000s\000i\000o\000n\000e\000s}{chapter.2}% 40
\BOOKMARK [1][-]{section.2.9}{\376\377\000R\000e\000p\000o\000s\000i\000t\000o\000r\000i\000o\000s}{chapter.2}% 41
\BOOKMARK [1][-]{section.2.10}{\376\377\000A\000r\000c\000h\000i\000v\000o\000\040\000d\000e\000\040\000m\000a\000n\000i\000f\000i\000e\000s\000t\000o}{chapter.2}% 42
\BOOKMARK [1][-]{section.2.11}{\376\377\000E\000s\000t\000r\000c\000u\000t\000u\000r\000a\000\040\000d\000e\000\040\000A\000r\000c\000h\000i\000v\000o\000s}{chapter.2}% 43
\BOOKMARK [1][-]{section.2.12}{\376\377\000M\000o\000d\000e\000l\000o\000s}{chapter.2}% 44
\BOOKMARK [1][-]{section.2.13}{\376\377\000C\000a\000m\000p\000o\000s}{chapter.2}% 45
\BOOKMARK [1][-]{section.2.14}{\376\377\000M\000\351\000t\000o\000d\000o\000s}{chapter.2}% 46
\BOOKMARK [1][-]{section.2.15}{\376\377\000M\000a\000n\000e\000j\000o\000\040\000d\000e\000\040\000E\000r\000r\000o\000r\000e\000s}{chapter.2}% 47
\BOOKMARK [1][-]{section.2.16}{\376\377\000E\000s\000t\000r\000c\000u\000t\000u\000r\000a\000\040\000X\000M\000L}{chapter.2}% 48
\BOOKMARK [1][-]{section.2.17}{\376\377\000A\000b\000r\000e\000v\000i\000a\000t\000u\000r\000a\000s}{chapter.2}% 49
\BOOKMARK [1][-]{section.2.18}{\376\377\000C\000S\000V}{chapter.2}% 50
\BOOKMARK [1][-]{section.2.19}{\376\377\000O\000p\000e\000r\000a\000c\000i\000o\000n\000e\000s}{chapter.2}% 51
\BOOKMARK [1][-]{section.2.20}{\376\377\000E\000s\000t\000r\000u\000c\000t\000u\000r\000a\000\040\000y\000\040\000s\000i\000n\000t\000a\000x\000i\000s}{chapter.2}% 52
\BOOKMARK [1][-]{section.2.21}{\376\377\000T\000i\000p\000o\000s\000\040\000d\000e\000\040\000V\000i\000s\000t\000a\000s}{chapter.2}% 53
\BOOKMARK [1][-]{section.2.22}{\376\377\000V\000i\000s\000t\000a\000s\000\040\000E\000m\000b\000e\000b\000i\000d\000a\000s}{chapter.2}% 54
\BOOKMARK [1][-]{section.2.23}{\376\377\000H\000e\000r\000e\000n\000c\000i\000a\000\040\000d\000e\000\040\000V\000i\000s\000t\000a\000s}{chapter.2}% 55
\BOOKMARK [1][-]{section.2.24}{\376\377\000D\000o\000m\000i\000n\000i\000o\000s\000\040\000X\000M\000L}{chapter.2}% 56
\BOOKMARK [1][-]{section.2.25}{\376\377\000N\000o\000t\000a\000c\000i\000\363\000n\000\040\000P\000o\000l\000a\000c\000a}{chapter.2}% 57
\BOOKMARK [1][-]{section.2.26}{\376\377\000D\000o\000m\000i\000n\000i\000o\000s\000\040\000e\000n\000\040\000P\000y\000t\000h\000o\000n}{chapter.2}% 58
\BOOKMARK [1][-]{section.2.27}{\376\377\000D\000o\000m\000i\000n\000i\000o\000s\000\040\000D\000i\000n\000\341\000m\000i\000c\000o\000s}{chapter.2}% 59
\BOOKMARK [1][-]{section.2.28}{\376\377\000S\000i\000n\000t\000a\000x\000i\000s\000\040\000y\000\040\000A\000t\000r\000i\000b\000u\000t\000o\000s}{chapter.2}% 60
\BOOKMARK [1][-]{section.2.29}{\376\377\000A\000c\000c\000i\000o\000n\000e\000s\000\040\000d\000e\000\040\000C\000l\000i\000e\000n\000t\000e}{chapter.2}% 61
\BOOKMARK [1][-]{section.2.30}{\376\377\000A\000c\000c\000i\000o\000n\000e\000s\000\040\000d\000e\000\040\000I\000n\000f\000o\000r\000m\000e}{chapter.2}% 62
\BOOKMARK [1][-]{section.2.31}{\376\377\000A\000c\000c\000i\000o\000n\000e\000s\000\040\000d\000e\000\040\000S\000e\000r\000v\000i\000d\000o\000r\000e\000s}{chapter.2}% 63
\BOOKMARK [1][-]{section.2.32}{\376\377\000A\000c\000c\000i\000o\000n\000e\000s\000\040\000d\000e\000\040\000u\000r\000l}{chapter.2}% 64
\BOOKMARK [1][-]{section.2.33}{\376\377\000A\000c\000c\000i\000o\000n\000e\000s\000\040\000d\000e\000\040\000v\000e\000n\000t\000a\000n\000a}{chapter.2}% 65
\BOOKMARK [1][-]{section.2.34}{\376\377\000A\000c\000c\000i\000o\000n\000e\000s\000\040\000P\000l\000a\000n\000i\000f\000i\000c\000a\000d\000a\000s}{chapter.2}% 66
\BOOKMARK [1][-]{section.2.35}{\376\377\000G\000r\000u\000p\000o\000s}{chapter.2}% 67
\BOOKMARK [1][-]{section.2.36}{\376\377\000C\000o\000n\000t\000r\000o\000l\000\040\000d\000e\000\040\000A\000c\000c\000e\000s\000o}{chapter.2}% 68
\BOOKMARK [1][-]{section.2.37}{\376\377\000A\000c\000c\000e\000s\000o\000\040\000a\000\040\000C\000a\000m\000p\000o\000s}{chapter.2}% 69
\BOOKMARK [1][-]{section.2.38}{\376\377\000R\000e\000g\000l\000a\000s\000\040\000d\000e\000\040\000r\000e\000g\000i\000s\000t\000r\000o}{chapter.2}% 70
\BOOKMARK [1][-]{section.2.39}{\376\377\000W\000i\000z\000a\000r\000d\000s}{chapter.2}% 71
\BOOKMARK [1][-]{section.2.40}{\376\377\000I\000n\000t\000e\000r\000n\000a\000c\000i\000o\000n\000a\000l\000i\000z\000a\000c\000i\000\363\000n}{chapter.2}% 72
\BOOKMARK [1][-]{section.2.41}{\376\377\000E\000s\000t\000r\000u\000c\000t\000u\000r\000a\000\040\000y\000\040\000A\000t\000r\000i\000b\000u\000t\000o\000s}{chapter.2}% 73
\BOOKMARK [1][-]{section.2.42}{\376\377\000P\000a\000p\000e\000l}{chapter.2}% 74
\BOOKMARK [1][-]{section.2.43}{\376\377\000E\000s\000t\000i\000l\000o\000s}{chapter.2}% 75
\BOOKMARK [1][-]{section.2.44}{\376\377\000T\000e\000m\000p\000l\000a\000t\000e\000s}{chapter.2}% 76
\BOOKMARK [1][-]{section.2.45}{\376\377\000T\000i\000p\000o\000g\000r\000a\000f\000i\000a}{chapter.2}% 77
\BOOKMARK [1][-]{section.2.46}{\376\377\000g\000e\000t\000\137\000r\000e\000p\000o\000r\000t\000\137\000v\000a\000l\000u\000e\000s}{chapter.2}% 78
\BOOKMARK [1][-]{section.2.47}{\376\377\000L\000o\000g\000g\000e\000r\000\040\000y\000\040\000l\000o\000g\000\040\000l\000e\000v\000e\000l}{chapter.2}% 79
\BOOKMARK [1][-]{section.2.48}{\376\377\000w\000d\000b}{chapter.2}% 80
\BOOKMARK [1][-]{section.2.49}{\376\377\000p\000u\000b\000d}{chapter.2}% 81
\BOOKMARK [1][-]{section.2.50}{\376\377\000p\000t\000v\000s\000d}{chapter.2}% 82
\BOOKMARK [1][-]{section.2.51}{\376\377\000T\000e\000s\000t\000s\000\040\000d\000e\000\040\000P\000y\000t\000h\000o\000n}{chapter.2}% 83
\BOOKMARK [1][-]{section.2.52}{\376\377\000T\000e\000s\000t\000s\000\040\000d\000e\000\040\000J\000a\000v\000a\000s\000c\000r\000i\000p\000t}{chapter.2}% 84
\BOOKMARK [1][-]{section.2.53}{\376\377\000T\000e\000s\000t\000s\000\040\000d\000e\000\040\000I\000n\000t\000e\000g\000r\000a\000c\000i\000\363\000n}{chapter.2}% 85
\BOOKMARK [1][-]{section.2.54}{\376\377\000T\000r\000a\000v\000i\000s}{chapter.2}% 86
\BOOKMARK [1][-]{section.2.55}{\376\377\000C\000o\000v\000e\000r\000a\000g\000e}{chapter.2}% 87
\BOOKMARK [1][-]{section.2.56}{\376\377\000B\000l\000a\000c\000k\000\040\000y\000\040\000p\000r\000e\000-\000c\000o\000m\000m\000i\000t}{chapter.2}% 88
\BOOKMARK [1][-]{section.2.57}{\376\377\000B\000a\000s\000e\000\040\000d\000e\000\040\000D\000a\000t\000o\000s}{chapter.2}% 89
\BOOKMARK [1][-]{section.2.58}{\376\377\000O\000p\000e\000n\000U\000p\000g\000r\000a\000d\000e}{chapter.2}% 90
\BOOKMARK [1][-]{section.2.59}{\376\377\000O\000d\000o\000o\000\040\000P\000r\000o\000f\000i\000l\000e}{chapter.2}% 91
\BOOKMARK [1][-]{section.2.60}{\376\377\000P\000y\000f\000l\000a\000m\000e\000\040\000f\000l\000a\000m\000g\000r\000a\000p\000h}{chapter.2}% 92
\BOOKMARK [1][-]{section.2.61}{\376\377\000p\000g\000b\000a\000d\000g\000e\000r}{chapter.2}% 93
\BOOKMARK [1][-]{section.2.62}{\376\377\000J\000a\000v\000a\000S\000c\000r\000i\000p\000t}{chapter.2}% 94
\BOOKMARK [1][-]{section.2.63}{\376\377\000J\000S\000\040\000W\000i\000d\000g\000e\000t\000s}{chapter.2}% 95
\BOOKMARK [1][-]{section.2.64}{\376\377\000T\000e\000m\000p\000l\000a\000t\000e\000s}{chapter.2}% 96
\BOOKMARK [1][-]{section.2.65}{\376\377\000H\000e\000l\000p\000e\000r\000s}{chapter.2}% 97
\BOOKMARK [1][-]{section.2.66}{\376\377\000F\000r\000o\000n\000t\000e\000n\000d}{chapter.2}% 98
\BOOKMARK [1][-]{section.2.67}{\376\377\000M\000a\000i\000l\000\040\000T\000h\000r\000e\000a\000d}{chapter.2}% 99
\BOOKMARK [1][-]{section.2.68}{\376\377\000M\000a\000i\000l\000\040\000A\000l\000i\000a\000s\000\040\000M\000i\000x\000i\000n}{chapter.2}% 100
\BOOKMARK [1][-]{section.2.69}{\376\377\000M\000a\000i\000l\000\040\000A\000c\000t\000i\000v\000i\000t\000y\000\040\000M\000i\000x\000i\000n}{chapter.2}% 101
\BOOKMARK [1][-]{section.2.70}{\376\377\000P\000o\000r\000t\000a\000l\000\040\000M\000i\000x\000i\000n}{chapter.2}% 102
\BOOKMARK [1][-]{section.2.71}{\376\377\000U\000T\000M\000\040\000M\000i\000x\000i\000n}{chapter.2}% 103
\BOOKMARK [1][-]{section.2.72}{\376\377\000W\000e\000b\000s\000i\000t\000e\000\040\000P\000u\000b\000l\000i\000s\000h\000e\000d}{chapter.2}% 104
\BOOKMARK [1][-]{section.2.73}{\376\377\000R\000a\000t\000i\000n\000g\000\040\000M\000i\000x\000i\000n}{chapter.2}% 105
\BOOKMARK [1][-]{section.2.74}{\376\377\000W\000e\000b\000s\000i\000t\000e\000\040\000S\000E\000O\000\040\000M\000e\000t\000a\000d\000a}{chapter.2}% 106
\BOOKMARK [1][-]{section.2.75}{\376\377\000W\000e\000b\000s\000i\000t\000e\000\040\000M\000u\000l\000t\000i}{chapter.2}% 107
\BOOKMARK [1][-]{section.2.76}{\376\377\000W\000e\000b\000s\000i\000t\000e\000\040\000P\000u\000b\000l\000i\000s\000h\000e\000d\000\040\000M\000u\000l\000t\000i}{chapter.2}% 108
